<?xml version="1.0" encoding="UTF-8"?>
<!-- Generated by org.testng.reporters.JUnitReportReporter -->
<testsuite hostname="Muthukumar" name="MuthuMaven.Test.Tc1" tests="1" failures="0" timestamp="26 Jan 2020 13:53:05 GMT" time="0.012" errors="0">
  <testcase name="muthu" time="0.012" classname="MuthuMaven.Test.Tc1"/>
</testsuite> <!-- MuthuMaven.Test.Tc1 -->
